===================================
 Testing module 3-say_my_name.py
===================================

Using ``say_my_name``
---------------------

Import the function:

    >>> say_my_name = __import__("3-say_my_name").say_my_name

Now test it:

    >>> say_my_name("John", "Smith")
    My name is John Smith

    >> say_my_name("Jocelyn")
    My name is Jocelyn

    >>> say_my_name(hola, 2)
    Traceback (most recent call last):
    NameError: name 'hola' is not defined

    >>> say_my_name("Gomora", 56)
    Traceback (most recent call last):
    TypeError: last_name must be a string

    >>> say_my_name()
    Traceback (most recent call last):
    TypeError: say_my_name() missing 1 required positional argument: 'first_name'

    >>> say_my_name(12, "White")
    Traceback (most recent call last):
    TypeError: first_name must be a string

    >>> say_my_name("Lopez", 0)
    Traceback (most recent call last):
    TypeError: last_name must be a string

    >>> say_my_name(0, "vega", "Cuervo")
    Traceback (most recent call last):
    TypeError: say_my_name() takes from 1 to 2 positional arguments but 3 were given
